This file contains any messages produced by compilers while
running configure, to aid debugging if configure makes a mistake.

It was created by configure, which was
generated by GNU Autoconf 2.69.  Invocation command line was

  $ ./configure --with-rbgen=no --no-create --no-recursion

## --------- ##
## Platform. ##
## --------- ##

hostname = shingan
uname -m = x86_64
uname -r = 4.4.1
uname -s = Linux
uname -v = #2 SMP Fri Feb 12 12:54:44 CET 2016

/usr/bin/uname -p = Intel(R) Core(TM) i7-3740QM CPU @ 2.70GHz
/bin/uname -X     = unknown

/bin/arch              = unknown
/usr/bin/arch -k       = unknown
/usr/convex/getsysinfo = unknown
/usr/bin/hostinfo      = unknown
/bin/machine           = unknown
/usr/bin/oslevel       = unknown
/bin/universe          = unknown

PATH: /usr/local/bin
PATH: /usr/bin
PATH: /bin
PATH: /opt/bin
PATH: /usr/x86_64-pc-linux-gnu/gcc-bin/4.9.3
PATH: /usr/games/bin
PATH: /home/target0/netkit/bin
PATH: /usr/local/usr/bin
PATH: /home/target0/netkit/bin
PATH: /usr/local/usr/bin


## ----------- ##
## Core tests. ##
## ----------- ##

configure:2375: checking for a BSD-compatible install
configure:2443: result: /usr/bin/install -c
configure:2454: checking whether build environment is sane
configure:2491: result: yes
configure:2521: checking for gawk
configure:2537: found /usr/bin/gawk
configure:2548: result: gawk
configure:2559: checking whether make sets $(MAKE)
configure:2581: result: yes
configure:2800: checking for gcc
configure:2816: found /usr/bin/gcc
configure:2827: result: gcc
configure:3056: checking for C compiler version
configure:3065: gcc --version >&5
gcc (Gentoo 4.9.3 p1.5, pie-0.6.4) 4.9.3
Copyright (C) 2015 Free Software Foundation, Inc.
This is free software; see the source for copying conditions.  There is NO
warranty; not even for MERCHANTABILITY or FITNESS FOR A PARTICULAR PURPOSE.

configure:3076: $? = 0
configure:3065: gcc -v >&5
Using built-in specs.
COLLECT_GCC=/usr/x86_64-pc-linux-gnu/gcc-bin/4.9.3/gcc
COLLECT_LTO_WRAPPER=/usr/libexec/gcc/x86_64-pc-linux-gnu/4.9.3/lto-wrapper
Target: x86_64-pc-linux-gnu
Configured with: /var/tmp/portage/sys-devel/gcc-4.9.3/work/gcc-4.9.3/configure --host=x86_64-pc-linux-gnu --build=x86_64-pc-linux-gnu --prefix=/usr --bindir=/usr/x86_64-pc-linux-gnu/gcc-bin/4.9.3 --includedir=/usr/lib/gcc/x86_64-pc-linux-gnu/4.9.3/include --datadir=/usr/share/gcc-data/x86_64-pc-linux-gnu/4.9.3 --mandir=/usr/share/gcc-data/x86_64-pc-linux-gnu/4.9.3/man --infodir=/usr/share/gcc-data/x86_64-pc-linux-gnu/4.9.3/info --with-gxx-include-dir=/usr/lib/gcc/x86_64-pc-linux-gnu/4.9.3/include/g++-v4 --with-python-dir=/share/gcc-data/x86_64-pc-linux-gnu/4.9.3/python --enable-languages=c,c++,fortran --enable-obsolete --enable-secureplt --disable-werror --with-system-zlib --enable-nls --without-included-gettext --enable-checking=release --with-bugurl=https://bugs.gentoo.org/ --with-pkgversion='Gentoo 4.9.3 p1.5, pie-0.6.4' --enable-libstdcxx-time --enable-shared --enable-threads=posix --enable-__cxa_atexit --enable-clocale=gnu --enable-multilib --with-multilib-list=m32,m64 --disable-altivec --disable-fixed-point --enable-targets=all --disable-libgcj --enable-libgomp --disable-libmudflap --disable-libssp --disable-libcilkrts --disable-vtable-verify --disable-libvtv --enable-lto --without-cloog --disable-libsanitizer
Thread model: posix
gcc version 4.9.3 (Gentoo 4.9.3 p1.5, pie-0.6.4) 
configure:3076: $? = 0
configure:3065: gcc -V >&5
gcc: error: unrecognized command line option '-V'
gcc: fatal error: no input files
compilation terminated.
configure:3076: $? = 1
configure:3065: gcc -qversion >&5
gcc: error: unrecognized command line option '-qversion'
gcc: fatal error: no input files
compilation terminated.
configure:3076: $? = 1
configure:3096: checking whether the C compiler works
configure:3118: gcc    conftest.c  >&5
configure:3122: $? = 0
configure:3170: result: yes
configure:3173: checking for C compiler default output file name
configure:3175: result: a.out
configure:3181: checking for suffix of executables
configure:3188: gcc -o conftest    conftest.c  >&5
configure:3192: $? = 0
configure:3214: result: 
configure:3236: checking whether we are cross compiling
configure:3244: gcc -o conftest    conftest.c  >&5
configure:3248: $? = 0
configure:3255: ./conftest
configure:3259: $? = 0
configure:3274: result: no
configure:3279: checking for suffix of object files
configure:3301: gcc -c   conftest.c >&5
configure:3305: $? = 0
configure:3326: result: o
configure:3330: checking whether we are using the GNU C compiler
configure:3349: gcc -c   conftest.c >&5
configure:3349: $? = 0
configure:3358: result: yes
configure:3367: checking whether gcc accepts -g
configure:3387: gcc -c -g  conftest.c >&5
configure:3387: $? = 0
configure:3428: result: yes
configure:3445: checking for gcc option to accept ISO C89
configure:3508: gcc  -c -g -O2  conftest.c >&5
configure:3508: $? = 0
configure:3521: result: none needed
configure:3560: checking for style of include used by make
configure:3588: result: GNU
configure:3616: checking dependency style of gcc
configure:3678: result: gcc3
configure:3829: checking build system type
configure:3843: result: x86_64-unknown-linux-gnu
configure:3863: checking host system type
configure:3876: result: x86_64-unknown-linux-gnu
configure:3918: checking for ld used by GCC
configure:3981: result: /usr/x86_64-pc-linux-gnu/bin/ld
configure:3988: checking if the linker (/usr/x86_64-pc-linux-gnu/bin/ld) is GNU ld
GNU ld (Gentoo 2.25.1 p1.1) 2.25.1
configure:4000: result: yes
configure:4005: checking for /usr/x86_64-pc-linux-gnu/bin/ld option to reload object files
configure:4012: result: -r
configure:4017: checking for BSD-compatible nm
configure:4053: result: /usr/bin/nm -B
configure:4056: checking for a sed that does not truncate output
configure:4138: result: /bin/sed
configure:4141: checking whether ln -s works
configure:4145: result: yes
configure:4152: checking how to recognise dependent libraries
configure:4333: result: pass_all
configure:4346: checking command to parse /usr/bin/nm -B output
configure:4430: gcc -c -g -O2  conftest.c >&5
configure:4433: $? = 0
configure:4437: /usr/bin/nm -B conftest.o \| sed -n -e 's/^.*[ 	]\([ABCDGISTW][ABCDGISTW]*\)[ 	][ 	]*\(\)\([_A-Za-z][_A-Za-z0-9]*\)$/\1 \2\3 \3/p' \> conftest.nm
configure:4440: $? = 0
configure:4492: gcc -o conftest -g -O2   conftest.c conftstm.o >&5
configure:4495: $? = 0
configure:4539: result: ok
configure:4548: checking how to run the C preprocessor
configure:4579: gcc -E  conftest.c
configure:4579: $? = 0
configure:4593: gcc -E  conftest.c
conftest.c:11:28: fatal error: ac_nonexistent.h: No such file or directory
 #include <ac_nonexistent.h>
                            ^
compilation terminated.
configure:4593: $? = 1
configure: failed program was:
| /* confdefs.h */
| #define PACKAGE_NAME ""
| #define PACKAGE_TARNAME ""
| #define PACKAGE_VERSION ""
| #define PACKAGE_STRING ""
| #define PACKAGE_BUGREPORT ""
| #define PACKAGE_URL ""
| #define PACKAGE "libredblack"
| #define VERSION "1.3"
| /* end confdefs.h.  */
| #include <ac_nonexistent.h>
configure:4618: result: gcc -E
configure:4638: gcc -E  conftest.c
configure:4638: $? = 0
configure:4652: gcc -E  conftest.c
conftest.c:11:28: fatal error: ac_nonexistent.h: No such file or directory
 #include <ac_nonexistent.h>
                            ^
compilation terminated.
configure:4652: $? = 1
configure: failed program was:
| /* confdefs.h */
| #define PACKAGE_NAME ""
| #define PACKAGE_TARNAME ""
| #define PACKAGE_VERSION ""
| #define PACKAGE_STRING ""
| #define PACKAGE_BUGREPORT ""
| #define PACKAGE_URL ""
| #define PACKAGE "libredblack"
| #define VERSION "1.3"
| /* end confdefs.h.  */
| #include <ac_nonexistent.h>
configure:4681: checking for grep that handles long lines and -e
configure:4739: result: /bin/grep
configure:4744: checking for egrep
configure:4806: result: /bin/grep -E
configure:4811: checking for ANSI C header files
configure:4831: gcc -c -g -O2  conftest.c >&5
configure:4831: $? = 0
configure:4904: gcc -o conftest -g -O2   conftest.c  >&5
configure:4904: $? = 0
configure:4904: ./conftest
configure:4904: $? = 0
configure:4915: result: yes
configure:4928: checking for sys/types.h
configure:4928: gcc -c -g -O2  conftest.c >&5
configure:4928: $? = 0
configure:4928: result: yes
configure:4928: checking for sys/stat.h
configure:4928: gcc -c -g -O2  conftest.c >&5
configure:4928: $? = 0
configure:4928: result: yes
configure:4928: checking for stdlib.h
configure:4928: gcc -c -g -O2  conftest.c >&5
configure:4928: $? = 0
configure:4928: result: yes
configure:4928: checking for string.h
configure:4928: gcc -c -g -O2  conftest.c >&5
configure:4928: $? = 0
configure:4928: result: yes
configure:4928: checking for memory.h
configure:4928: gcc -c -g -O2  conftest.c >&5
configure:4928: $? = 0
configure:4928: result: yes
configure:4928: checking for strings.h
configure:4928: gcc -c -g -O2  conftest.c >&5
configure:4928: $? = 0
configure:4928: result: yes
configure:4928: checking for inttypes.h
configure:4928: gcc -c -g -O2  conftest.c >&5
configure:4928: $? = 0
configure:4928: result: yes
configure:4928: checking for stdint.h
configure:4928: gcc -c -g -O2  conftest.c >&5
configure:4928: $? = 0
configure:4928: result: yes
configure:4928: checking for unistd.h
configure:4928: gcc -c -g -O2  conftest.c >&5
configure:4928: $? = 0
configure:4928: result: yes
configure:4942: checking dlfcn.h usability
configure:4942: gcc -c -g -O2  conftest.c >&5
configure:4942: $? = 0
configure:4942: result: yes
configure:4942: checking dlfcn.h presence
configure:4942: gcc -E  conftest.c
configure:4942: $? = 0
configure:4942: result: yes
configure:4942: checking for dlfcn.h
configure:4942: result: yes
configure:5139: checking for ranlib
configure:5155: found /usr/bin/ranlib
configure:5166: result: ranlib
configure:5231: checking for strip
configure:5247: found /usr/bin/strip
configure:5258: result: strip
configure:5459: checking for objdir
configure:5470: result: .libs
configure:5487: checking for gcc option to produce PIC
configure:5633: result: -fPIC
configure:5637: checking if gcc PIC flag -fPIC works
configure:5655: gcc -c -g -O2 -fPIC -DPIC  conftest.c >&5
configure:5655: $? = 0
configure:5689: result: yes
configure:5705: checking if gcc static flag -static works
configure:5724: gcc -o conftest -g -O2   -static conftest.c  >&5
configure:5724: $? = 0
configure:5736: result: yes
configure:5748: checking if gcc supports -c -o file.o
configure:5768: gcc -c -g -O2 -o out/conftest2.o  conftest.c >&5
configure:5792: result: yes
configure:5797: checking if gcc supports -c -o file.lo
configure:5819: gcc -c -g -O2 -c -o conftest.lo  conftest.c >&5
configure:5819: $? = 0
configure:5836: result: yes
configure:5867: checking if gcc supports -fno-rtti -fno-exceptions
configure:5884: gcc -c -g -O2 -fno-rtti -fno-exceptions -c conftest.c  conftest.c >&5
cc1: warning: command line option '-fno-rtti' is valid for C++/ObjC++ but not for C
cc1: warning: command line option '-fno-rtti' is valid for C++/ObjC++ but not for C
configure:5884: $? = 0
configure:5896: result: no
configure:5907: checking whether the linker (/usr/x86_64-pc-linux-gnu/bin/ld) supports shared libraries
configure:6602: result: yes
configure:6607: checking how to hardcode library paths into programs
configure:6631: result: immediate
configure:6636: checking whether stripping libraries is possible
configure:6641: result: yes
configure:6652: checking dynamic linker characteristics
configure:6913: gcc -c -g -O2  conftest.c >&5
configure:6916: $? = 0
configure:7083: result: GNU/Linux ld.so
configure:7088: checking if libtool supports shared libraries
configure:7090: result: yes
configure:7093: checking whether to build shared libraries
configure:7114: result: yes
configure:7117: checking whether to build static libraries
configure:7121: result: yes
configure:7581: checking whether -lc should be explicitly linked in
configure:7589: gcc -c -g -O2  conftest.c >&5
configure:7592: $? = 0
configure:7606: gcc -shared conftest.o  -v -Wl,-soname -Wl,conftest -o conftest 2\>\&1 \| grep  -lc  \>/dev/null 2\>\&1
configure:7609: $? = 0
configure:7622: result: no
configure:8197: checking for ANSI C header files
configure:8301: result: yes
configure:8310: checking for an ANSI C-conforming const
configure:8376: gcc -c -g -O2  conftest.c >&5
configure:8376: $? = 0
configure:8383: result: yes
configure:8394: checking for strdup
configure:8394: gcc -o conftest -g -O2   conftest.c  >&5
conftest.c:46:6: warning: conflicting types for built-in function 'strdup'
 char strdup ();
      ^
configure:8394: $? = 0
configure:8394: result: yes
configure:8541: creating ./config.status

## ---------------- ##
## Cache variables. ##
## ---------------- ##

ac_cv_build=x86_64-unknown-linux-gnu
ac_cv_c_compiler_gnu=yes
ac_cv_c_const=yes
ac_cv_env_CC_set=
ac_cv_env_CC_value=
ac_cv_env_CFLAGS_set=
ac_cv_env_CFLAGS_value=
ac_cv_env_CPPFLAGS_set=
ac_cv_env_CPPFLAGS_value=
ac_cv_env_CPP_set=
ac_cv_env_CPP_value=
ac_cv_env_LDFLAGS_set=
ac_cv_env_LDFLAGS_value=
ac_cv_env_LIBS_set=
ac_cv_env_LIBS_value=
ac_cv_env_build_alias_set=
ac_cv_env_build_alias_value=
ac_cv_env_host_alias_set=
ac_cv_env_host_alias_value=
ac_cv_env_target_alias_set=
ac_cv_env_target_alias_value=
ac_cv_func_strdup=yes
ac_cv_header_dlfcn_h=yes
ac_cv_header_inttypes_h=yes
ac_cv_header_memory_h=yes
ac_cv_header_stdc=yes
ac_cv_header_stdint_h=yes
ac_cv_header_stdlib_h=yes
ac_cv_header_string_h=yes
ac_cv_header_strings_h=yes
ac_cv_header_sys_stat_h=yes
ac_cv_header_sys_types_h=yes
ac_cv_header_unistd_h=yes
ac_cv_host=x86_64-unknown-linux-gnu
ac_cv_objext=o
ac_cv_path_EGREP='/bin/grep -E'
ac_cv_path_GREP=/bin/grep
ac_cv_path_install='/usr/bin/install -c'
ac_cv_prog_AWK=gawk
ac_cv_prog_CPP='gcc -E'
ac_cv_prog_ac_ct_CC=gcc
ac_cv_prog_ac_ct_RANLIB=ranlib
ac_cv_prog_ac_ct_STRIP=strip
ac_cv_prog_cc_c89=
ac_cv_prog_cc_g=yes
ac_cv_prog_make_make_set=yes
am_cv_CC_dependencies_compiler_type=gcc3
lt_cv_archive_cmds_need_lc=no
lt_cv_compiler_c_o=yes
lt_cv_compiler_o_lo=yes
lt_cv_deplibs_check_method=pass_all
lt_cv_file_magic_cmd='$MAGIC_CMD'
lt_cv_file_magic_test_file='/lib/libc.so.6 /lib/libc-2.22.so'
lt_cv_global_symbol_to_c_name_address='sed -n -e '\''s/^: \([^ ]*\) $/  {\"\1\", (lt_ptr) 0},/p'\'' -e '\''s/^[BCDEGRST] \([^ ]*\) \([^ ]*\)$/  {"\2", (lt_ptr) \&\2},/p'\'''
lt_cv_global_symbol_to_cdecl='sed -n -e '\''s/^. .* \(.*\)$/extern char \1;/p'\'''
lt_cv_ld_reload_flag=-r
lt_cv_path_LD=/usr/x86_64-pc-linux-gnu/bin/ld
lt_cv_path_NM='/usr/bin/nm -B'
lt_cv_path_SED=/bin/sed
lt_cv_prog_cc_can_build_shared=yes
lt_cv_prog_cc_no_builtin=
lt_cv_prog_cc_pic=' -fPIC'
lt_cv_prog_cc_pic_works=yes
lt_cv_prog_cc_shlib=
lt_cv_prog_cc_static=-static
lt_cv_prog_cc_static_works=yes
lt_cv_prog_cc_wl=-Wl,
lt_cv_prog_gnu_ld=yes
lt_cv_sys_global_symbol_pipe='sed -n -e '\''s/^.*[ 	]\([ABCDGISTW][ABCDGISTW]*\)[ 	][ 	]*\(\)\([_A-Za-z][_A-Za-z0-9]*\)$/\1 \2\3 \3/p'\'''

## ----------------- ##
## Output variables. ##
## ----------------- ##

ACLOCAL='${SHELL} /home/target0/ucl/fsa3d/sr6/sdnres-sigcomm/lib/libredblack-1.3/missing --run aclocal-1.6'
AMDEPBACKSLASH='\'
AMDEP_FALSE='#'
AMDEP_TRUE=''
AMTAR='${SHELL} /home/target0/ucl/fsa3d/sr6/sdnres-sigcomm/lib/libredblack-1.3/missing --run tar'
AUTOCONF='${SHELL} /home/target0/ucl/fsa3d/sr6/sdnres-sigcomm/lib/libredblack-1.3/missing --run autoconf'
AUTOHEADER='${SHELL} /home/target0/ucl/fsa3d/sr6/sdnres-sigcomm/lib/libredblack-1.3/missing --run autoheader'
AUTOMAKE='${SHELL} /home/target0/ucl/fsa3d/sr6/sdnres-sigcomm/lib/libredblack-1.3/missing --run automake-1.6'
AWK='gawk'
CC='gcc'
CCDEPMODE='depmode=gcc3'
CFLAGS='-g -O2'
CPP='gcc -E'
CPPFLAGS=''
DEFS='-DHAVE_CONFIG_H'
DEPDIR='.deps'
ECHO='echo'
ECHO_C=''
ECHO_N='-n'
ECHO_T=''
EGREP='/bin/grep -E'
EXEEXT=''
GREP='/bin/grep'
INSTALL_DATA='${INSTALL} -m 644'
INSTALL_PROGRAM='${INSTALL}'
INSTALL_SCRIPT='${INSTALL}'
INSTALL_STRIP_PROGRAM='${SHELL} $(install_sh) -c -s'
LDFLAGS=''
LIBOBJS=''
LIBS=''
LIBTOOL='$(SHELL) $(top_builddir)/libtool'
LN_S='ln -s'
LTLIBOBJS=''
MAKEINFO='${SHELL} /home/target0/ucl/fsa3d/sr6/sdnres-sigcomm/lib/libredblack-1.3/missing --run makeinfo'
OBJEXT='o'
PACKAGE='libredblack'
PACKAGE_BUGREPORT=''
PACKAGE_NAME=''
PACKAGE_STRING=''
PACKAGE_TARNAME=''
PACKAGE_URL=''
PACKAGE_VERSION=''
PATH_PYTHON_PROG=''
PATH_SEPARATOR=':'
RANLIB='ranlib'
REDBLACK_LIB_AGE='2'
REDBLACK_LIB_CURRENT='2'
REDBLACK_LIB_REVISION='3'
REDBLACK_VERSION='1.3'
SET_MAKE=''
SHELL='/bin/sh'
STRIP='strip'
USE_RBGEN_FALSE=''
USE_RBGEN_TRUE='#'
VERSION='1.3'
ac_ct_CC='gcc'
am__include='include'
am__quote=''
bindir='${exec_prefix}/bin'
build='x86_64-unknown-linux-gnu'
build_alias=''
build_cpu='x86_64'
build_os='linux-gnu'
build_vendor='unknown'
datadir='${datarootdir}'
datarootdir='${prefix}/share'
docdir='${datarootdir}/doc/${PACKAGE}'
dvidir='${docdir}'
exec_prefix='${prefix}'
host='x86_64-unknown-linux-gnu'
host_alias=''
host_cpu='x86_64'
host_os='linux-gnu'
host_vendor='unknown'
htmldir='${docdir}'
includedir='${prefix}/include'
infodir='${datarootdir}/info'
install_sh='/home/target0/ucl/fsa3d/sr6/sdnres-sigcomm/lib/libredblack-1.3/install-sh'
libdir='${exec_prefix}/lib'
libexecdir='${exec_prefix}/libexec'
localedir='${datarootdir}/locale'
localstatedir='${prefix}/var'
mandir='${datarootdir}/man'
oldincludedir='/usr/include'
pdfdir='${docdir}'
prefix='/usr/local'
program_transform_name='s,x,x,'
psdir='${docdir}'
sbindir='${exec_prefix}/sbin'
sharedstatedir='${prefix}/com'
sysconfdir='${prefix}/etc'
target_alias=''

## ----------- ##
## confdefs.h. ##
## ----------- ##

/* confdefs.h */
#define PACKAGE_NAME ""
#define PACKAGE_TARNAME ""
#define PACKAGE_VERSION ""
#define PACKAGE_STRING ""
#define PACKAGE_BUGREPORT ""
#define PACKAGE_URL ""
#define PACKAGE "libredblack"
#define VERSION "1.3"
#define STDC_HEADERS 1
#define HAVE_SYS_TYPES_H 1
#define HAVE_SYS_STAT_H 1
#define HAVE_STDLIB_H 1
#define HAVE_STRING_H 1
#define HAVE_MEMORY_H 1
#define HAVE_STRINGS_H 1
#define HAVE_INTTYPES_H 1
#define HAVE_STDINT_H 1
#define HAVE_UNISTD_H 1
#define HAVE_DLFCN_H 1
#define STDC_HEADERS 1
#define HAVE_STRDUP 1

configure: exit 0

## ---------------------- ##
## Running config.status. ##
## ---------------------- ##

This file was extended by config.status, which was
generated by GNU Autoconf 2.69.  Invocation command line was

  CONFIG_FILES    = 
  CONFIG_HEADERS  = 
  CONFIG_LINKS    = 
  CONFIG_COMMANDS = 
  $ ./config.status Makefile depfiles

on shingan

config.status:860: creating Makefile
config.status:963: WARNING:  'Makefile.in' seems to ignore the --datarootdir setting
config.status:1049: executing depfiles commands

## ---------------------- ##
## Running config.status. ##
## ---------------------- ##

This file was extended by config.status, which was
generated by GNU Autoconf 2.69.  Invocation command line was

  CONFIG_FILES    = 
  CONFIG_HEADERS  = 
  CONFIG_LINKS    = 
  CONFIG_COMMANDS = 
  $ ./config.status config.h

on shingan

config.status:860: creating config.h
